<?xml version="1.0" encoding="UTF-8"?>
<!-- Generated by org.testng.reporters.JUnitReportReporter -->
<testsuite hostname="Saran" failures="0" tests="1" name="com.selenium.mcp.DemoBlazePurchaseTest" time="7.906" errors="0" timestamp="2025-10-25T18:13:51 IST" skipped="0">
  <testcase classname="com.selenium.mcp.DemoBlazePurchaseTest" name="testPurchaseFlow" time="7.906"/>
</testsuite> <!-- com.selenium.mcp.DemoBlazePurchaseTest -->
